Arguments: 
  /Users/gabi/.nvm/versions/node/v10.16.3/bin/node /Users/gabi/.nvm/versions/node/v10.16.3/bin/yarn add dev rollup @rollup/typescript-plugin

PATH: 
  /Users/gabi/.nvm/versions/node/v10.16.3/bin:/usr/local/bin:/usr/bin:/bin:/usr/sbin:/sbin:/Library/Apple/usr/bin:/Users/gabi/.nvm/versions/node/v10.16.3/bin

Yarn version: 
  1.22.10

Node version: 
  10.16.3

Platform: 
  darwin x64

Trace: 
  Error: https://registry.yarnpkg.com/@rollup%2ftypescript-plugin: Not found
      at Request.params.callback [as _callback] (/Users/gabi/.nvm/versions/node/v10.16.3/lib/node_modules/yarn/lib/cli.js:66988:18)
      at Request.self.callback (/Users/gabi/.nvm/versions/node/v10.16.3/lib/node_modules/yarn/lib/cli.js:140662:22)
      at Request.emit (events.js:198:13)
      at Request.<anonymous> (/Users/gabi/.nvm/versions/node/v10.16.3/lib/node_modules/yarn/lib/cli.js:141634:10)
      at Request.emit (events.js:198:13)
      at IncomingMessage.<anonymous> (/Users/gabi/.nvm/versions/node/v10.16.3/lib/node_modules/yarn/lib/cli.js:141556:12)
      at Object.onceWrapper (events.js:286:20)
      at IncomingMessage.emit (events.js:203:15)
      at endReadableNT (_stream_readable.js:1145:12)
      at process._tickCallback (internal/process/next_tick.js:63:19)

npm manifest: 
  {
    "name": "rollup-test",
    "version": "1.0.0",
    "main": "index.js",
    "license": "MIT"
  }

yarn manifest: 
  No manifest

Lockfile: 
  No lockfile
